<?xml version="1.0" encoding="UTF-8"?>
<!-- Generated by org.testng.reporters.JUnitXMLReporter -->
<testsuite hostname="DESKTOP-7JHU8UF" ignored="3" name="Test" tests="2" failures="0" timestamp="2022-06-26T23:51:02 EDT" time="0.038" errors="0">
  <testcase name="Addcart" time="0.006" classname="testcase.com.BasicTestNGAuto"/>
  <testcase name="Make_Payment" time="0.001" classname="testcase.com.BasicTestNGAuto"/>
  <testcase name="Get_color" time="0.0" classname="testcase.com.BasicTestNGAuto">
    <ignored/>
  </testcase> <!-- Get_color -->
  <testcase name="Find_Tshirt" time="0.0" classname="testcase.com.BasicTestNGAuto">
    <ignored/>
  </testcase> <!-- Find_Tshirt -->
  <testcase name="Find_Store" time="0.0" classname="testcase.com.BasicTestNGAuto">
    <ignored/>
  </testcase> <!-- Find_Store -->
</testsuite> <!-- Test -->
